# JRE version: OpenJDK Runtime Environment Temurin-21.0.11+10 (21.0.11+10) (build 21.0.11+10-LTS)
# Java VM: OpenJDK 64-Bit Server VM Temurin-21.0.11+10 (21.0.11+10-LTS, mixed mode, emulated-client, sharing, tiered, compressed oops, compressed class ptrs, g1 gc, windows-amd64)
GC Precious Log:
 CardTable entry size: 512
 Card Set container configuration: InlinePtr #cards 4 size 8 Array Of Cards #cards 16 size 48 Howl #buckets 8 coarsen threshold 3686 Howl Bitmap #cards 512 size 80 coarsen threshold 460 Card regions per heap region 1 cards per card region 4096
 CPUs: 16 total, 16 available
 Memory: 16110M
 Large Page Support: Disabled
 NUMA Support: Disabled
 Compressed Oops: Enabled (Zero based)
 Heap Region Size: 2M
 Heap Min Capacity: 8M
 Heap Initial Capacity: 252M
 Heap Max Capacity: 4028M
 Pre-touch: Disabled
 Parallel Workers: 13
 Concurrent Workers: 3
 Concurrent Refinement Workers: 13
 Periodic GC: Disabled
Heap:
 garbage-first heap   total 163840K, used 117678K [0x0000000704400000, 0x0000000800000000)
  region size 2048K, 38 young (77824K), 4 survivors (8192K)
 Metaspace       used 115794K, committed 117120K, reserved 1179648K
  class space    used 16191K, committed 16832K, reserved 1048576K
GC Heap History (20 events):
Event: 1445.755 GC heap after
{Heap after GC invocations=83 (full 13):
 garbage-first heap   total 143360K, used 40929K [0x0000000704400000, 0x0000000800000000)
  region size 2048K, 0 young (0K), 0 survivors (0K)
 Metaspace       used 110706K, committed 111872K, reserved 1179648K
  class space    used 15671K, committed 16192K, reserved 1048576K
}
Event: 1446.328 GC heap before
{Heap before GC invocations=83 (full 13):
 garbage-first heap   total 143360K, used 122849K [0x0000000704400000, 0x0000000800000000)
  region size 2048K, 40 young (81920K), 0 survivors (0K)
 Metaspace       used 111116K, committed 112256K, reserved 1179648K
  class space    used 15726K, committed 16256K, reserved 1048576K
}
Event: 1446.332 GC heap after
{Heap after GC invocations=84 (full 13):
 garbage-first heap   total 143360K, used 47669K [0x0000000704400000, 0x0000000800000000)
  region size 2048K, 4 young (8192K), 4 survivors (8192K)
 Metaspace       used 111116K, committed 112256K, reserved 1179648K
  class space    used 15726K, committed 16256K, reserved 1048576K
}
Event: 1447.061 GC heap before
{Heap before GC invocations=85 (full 13):
 garbage-first heap   total 143360K, used 123445K [0x0000000704400000, 0x0000000800000000)
  region size 2048K, 41 young (83968K), 4 survivors (8192K)
 Metaspace       used 111980K, committed 113152K, reserved 1179648K
  class space    used 15801K, committed 16320K, reserved 1048576K
}
Event: 1447.064 GC heap after
{Heap after GC invocations=86 (full 13):
 garbage-first heap   total 143360K, used 50333K [0x0000000704400000, 0x0000000800000000)
  region size 2048K, 5 young (10240K), 5 survivors (10240K)
 Metaspace       used 111980K, committed 113152K, reserved 1179648K
  class space    used 15801K, committed 16320K, reserved 1048576K
}
Event: 1449.127 GC heap before
{Heap before GC invocations=86 (full 13):
 garbage-first heap   total 143360K, used 54429K [0x0000000704400000, 0x0000000800000000)
  region size 2048K, 8 young (16384K), 5 survivors (10240K)
 Metaspace       used 111983K, committed 113152K, reserved 1179648K
  class space    used 15801K, committed 16320K, reserved 1048576K
}
Event: 1449.195 GC heap after
{Heap after GC invocations=87 (full 14):
 garbage-first heap   total 143360K, used 41730K [0x0000000704400000, 0x0000000800000000)
  region size 2048K, 0 young (0K), 0 survivors (0K)
 Metaspace       used 111967K, committed 113152K, reserved 1179648K
  class space    used 15798K, committed 16320K, reserved 1048576K
}
Event: 1449.700 GC heap before
{Heap before GC invocations=87 (full 14):
 garbage-first heap   total 143360K, used 121602K [0x0000000704400000, 0x0000000800000000)
  region size 2048K, 39 young (79872K), 0 survivors (0K)
 Metaspace       used 112360K, committed 113536K, reserved 1179648K
  class space    used 15850K, committed 16384K, reserved 1048576K
}
Event: 1449.705 GC heap after
{Heap after GC invocations=88 (full 14):
 garbage-first heap   total 143360K, used 48678K [0x0000000704400000, 0x0000000800000000)
  region size 2048K, 4 young (8192K), 4 survivors (8192K)
 Metaspace       used 112360K, committed 113536K, reserved 1179648K
  class space    used 15850K, committed 16384K, reserved 1048576K
}
Event: 1450.290 GC heap before
{Heap before GC invocations=89 (full 14):
 garbage-first heap   total 143360K, used 122406K [0x0000000704400000, 0x0000000800000000)
  region size 2048K, 40 young (81920K), 4 survivors (8192K)
 Metaspace       used 113247K, committed 114496K, reserved 1179648K
  class space    used 15929K, committed 16512K, reserved 1048576K
}
Event: 1450.295 GC heap after
{Heap after GC invocations=90 (full 14):
 garbage-first heap   total 143360K, used 53470K [0x0000000704400000, 0x0000000800000000)
  region size 2048K, 3 young (6144K), 3 survivors (6144K)
 Metaspace       used 113247K, committed 114496K, reserved 1179648K
  class space    used 15929K, committed 16512K, reserved 1048576K
}
Event: 1452.373 GC heap before
{Heap before GC invocations=90 (full 14):
 garbage-first heap   total 143360K, used 59614K [0x0000000704400000, 0x0000000800000000)
  region size 2048K, 7 young (14336K), 3 survivors (6144K)
 Metaspace       used 113250K, committed 114496K, reserved 1179648K
  class space    used 15930K, committed 16512K, reserved 1048576K
}
Event: 1452.444 GC heap after
{Heap after GC invocations=91 (full 15):
 garbage-first heap   total 143360K, used 42631K [0x0000000704400000, 0x0000000800000000)
  region size 2048K, 0 young (0K), 0 survivors (0K)
 Metaspace       used 113234K, committed 114496K, reserved 1179648K
  class space    used 15927K, committed 16512K, reserved 1048576K
}
Event: 1453.320 GC heap before
{Heap before GC invocations=91 (full 15):
 garbage-first heap   total 143360K, used 120455K [0x0000000704400000, 0x0000000800000000)
  region size 2048K, 38 young (77824K), 0 survivors (0K)
 Metaspace       used 113614K, committed 114880K, reserved 1179648K
  class space    used 15978K, committed 16576K, reserved 1048576K
}
Event: 1453.325 GC heap after
{Heap after GC invocations=92 (full 15):
 garbage-first heap   total 178176K, used 49137K [0x0000000704400000, 0x0000000800000000)
  region size 2048K, 4 young (8192K), 4 survivors (8192K)
 Metaspace       used 113614K, committed 114880K, reserved 1179648K
  class space    used 15978K, committed 16576K, reserved 1048576K
}
Event: 1456.260 GC heap before
{Heap before GC invocations=93 (full 15):
 garbage-first heap   total 178176K, used 133105K [0x0000000704400000, 0x0000000800000000)
  region size 2048K, 46 young (94208K), 4 survivors (8192K)
 Metaspace       used 114525K, committed 115776K, reserved 1179648K
  class space    used 16062K, committed 16640K, reserved 1048576K
}
Event: 1456.325 GC heap after
{Heap after GC invocations=94 (full 16):
 garbage-first heap   total 163840K, used 43563K [0x0000000704400000, 0x0000000800000000)
  region size 2048K, 0 young (0K), 0 survivors (0K)
 Metaspace       used 114509K, committed 115776K, reserved 1179648K
  class space    used 16060K, committed 16640K, reserved 1048576K
}
Event: 1456.939 GC heap before
{Heap before GC invocations=94 (full 16):
 garbage-first heap   total 163840K, used 135723K [0x0000000704400000, 0x0000000800000000)
  region size 2048K, 45 young (92160K), 0 survivors (0K)
 Metaspace       used 115017K, committed 116288K, reserved 1179648K
  class space    used 16129K, committed 16704K, reserved 1048576K
}
Event: 1456.945 GC heap after
{Heap after GC invocations=95 (full 16):
 garbage-first heap   total 163840K, used 50094K [0x0000000704400000, 0x0000000800000000)
  region size 2048K, 4 young (8192K), 4 survivors (8192K)
 Metaspace       used 115017K, committed 116288K, reserved 1179648K
  class space    used 16129K, committed 16704K, reserved 1048576K
}
Event: 1459.591 GC heap before
{Heap before GC invocations=96 (full 16):
 garbage-first heap   total 163840K, used 117678K [0x0000000704400000, 0x0000000800000000)
  region size 2048K, 38 young (77824K), 4 survivors (8192K)
 Metaspace       used 115794K, committed 117120K, reserved 1179648K
  class space    used 16191K, committed 16832K, reserved 1048576K
}

